Using pre-set license
Built from '2022.2/staging' branch; Version is '2022.2.21f1 (4907324dc95b) revision 4785970'; Using compiler version '192829333'; Build Type 'Release'
OS: 'Windows 11  (10.0.26100) 64bit Core' Language: 'en' Physical Memory: 16235 MB
BatchMode: 1, IsHumanControllingUs: 0, StartBugReporterOnCrash: 0, Is64bit: 1, IsPro: 1

COMMAND LINE ARGUMENTS:
C:\Program Files\Unity 2022.2.21f1\Editor\Unity.exe
-adb2
-batchMode
-noUpm
-name
AssetImportWorker3
-projectPath
C:/Users/camev/Documents/Skyfall/Source/Skyfall
-logFile
Logs/AssetImportWorker3.log
-srvPort
59497
Successfully changed project path to: C:/Users/camev/Documents/Skyfall/Source/Skyfall
C:/Users/camev/Documents/Skyfall/Source/Skyfall
[UnityMemory] Configuration Parameters - Can be set up in boot.config
    "memorysetup-bucket-allocator-granularity=16"
    "memorysetup-bucket-allocator-bucket-count=8"
    "memorysetup-bucket-allocator-block-size=33554432"
    "memorysetup-bucket-allocator-block-count=8"
    "memorysetup-main-allocator-block-size=16777216"
    "memorysetup-thread-allocator-block-size=16777216"
    "memorysetup-gfx-main-allocator-block-size=16777216"
    "memorysetup-gfx-thread-allocator-block-size=16777216"
    "memorysetup-cache-allocator-block-size=4194304"
    "memorysetup-typetree-allocator-block-size=2097152"
    "memorysetup-profiler-bucket-allocator-granularity=16"
    "memorysetup-profiler-bucket-allocator-bucket-count=8"
    "memorysetup-profiler-bucket-allocator-block-size=33554432"
    "memorysetup-profiler-bucket-allocator-block-count=8"
    "memorysetup-profiler-allocator-block-size=16777216"
    "memorysetup-profiler-editor-allocator-block-size=1048576"
    "memorysetup-temp-allocator-size-main=16777216"
    "memorysetup-job-temp-allocator-block-size=2097152"
    "memorysetup-job-temp-allocator-block-size-background=1048576"
    "memorysetup-job-temp-allocator-reduction-small-platforms=262144"
    "memorysetup-allocator-temp-initial-block-size-main=262144"
    "memorysetup-allocator-temp-initial-block-size-worker=262144"
    "memorysetup-temp-allocator-size-background-worker=32768"
    "memorysetup-temp-allocator-size-job-worker=262144"
    "memorysetup-temp-allocator-size-preload-manager=33554432"
    "memorysetup-temp-allocator-size-nav-mesh-worker=65536"
    "memorysetup-temp-allocator-size-audio-worker=65536"
    "memorysetup-temp-allocator-size-cloud-worker=32768"
    "memorysetup-temp-allocator-size-gi-baking-worker=262144"
    "memorysetup-temp-allocator-size-gfx=262144"
Player connection [10416] Host "[IP] 192.168.5.66 [Port] 0 [Flags] 2 [Guid] 3034657891 [EditorId] 3034657891 [Version] 1048832 [Id] WindowsEditor(7,cameronspc) [Debug] 1 [PackageName] WindowsEditor [ProjectName] Editor" joined multi-casting on [225.0.0.222:54997]...

Player connection [10416] Host "[IP] 192.168.5.66 [Port] 0 [Flags] 2 [Guid] 3034657891 [EditorId] 3034657891 [Version] 1048832 [Id] WindowsEditor(7,cameronspc) [Debug] 1 [PackageName] WindowsEditor [ProjectName] Editor" joined alternative multi-casting on [225.0.0.222:34997]...

Refreshing native plugins compatible for Editor in 90.26 ms, found 3 plugins.
Preloading 0 native plugins for Editor in 0.00 ms.
Initialize engine version: 2022.2.21f1 (4907324dc95b)
[Subsystems] Discovering subsystems at path C:/Program Files/Unity 2022.2.21f1/Editor/Data/Resources/UnitySubsystems
[Subsystems] Discovering subsystems at path C:/Users/camev/Documents/Skyfall/Source/Skyfall/Assets
GfxDevice: creating device client; threaded=0; jobified=0
Direct3D:
    Version:  Direct3D 11.0 [level 11.1]
    Renderer: NVIDIA GeForce RTX 3050 (ID=0x2507)
    Vendor:   NVIDIA
    VRAM:     8042 MB
    Driver:   32.0.15.6094
Initialize mono
Mono path[0] = 'C:/Program Files/Unity 2022.2.21f1/Editor/Data/Managed'
Mono path[1] = 'C:/Program Files/Unity 2022.2.21f1/Editor/Data/MonoBleedingEdge/lib/mono/unityjit-win32'
Mono config path = 'C:/Program Files/Unity 2022.2.21f1/Editor/Data/MonoBleedingEdge/etc'
Using monoOptions --debugger-agent=transport=dt_socket,embedding=1,server=y,suspend=n,address=127.0.0.1:56588
Begin MonoManager ReloadAssembly
Registering precompiled unity dll's ...
Register platform support module: C:/Program Files/Unity 2022.2.21f1/Editor/Data/PlaybackEngines/WindowsStandaloneSupport/UnityEditor.WindowsStandalone.Extensions.dll
Register platform support module: C:/Program Files/Unity 2022.2.21f1/Editor/Data/PlaybackEngines/LinuxStandaloneSupport/UnityEditor.LinuxStandalone.Extensions.dll
Registered in 0.014754 seconds.
- Loaded All Assemblies, in  0.382 seconds
Native extension for LinuxStandalone target not found
Native extension for WindowsStandalone target not found
Mono: successfully reloaded assembly
- Finished resetting the current domain, in  0.266 seconds
Domain Reload Profiling:
	ReloadAssembly (263ms)
		BeginReloadAssembly (162ms)
			ExecutionOrderSort (0ms)
			DisableScriptedObjects (0ms)
			BackupInstance (0ms)
			ReleaseScriptingObjects (0ms)
			CreateAndSetChildDomain (1ms)
		LoadAllAssembliesAndSetupDomain (0ms)
			LoadAssemblies (160ms)
			RebuildTransferFunctionScriptingTraits (0ms)
			SetupTypeCache (112ms)
				TypeCache.Initialize (111ms)
					TypeCache.ScanAssembly (109ms)
				ResolveRequiredComponents (1ms)
		FinalizeReload (0ms)
			ReleaseScriptCaches (0ms)
			RebuildScriptCaches (0ms)
			SetupLoadedEditorAssemblies (213ms)
				LogAssemblyErrors (0ms)
				InitializePlatformSupportModulesInManaged (22ms)
				SetLoadedEditorAssemblies (7ms)
				RefreshPlugins (0ms)
				BeforeProcessingInitializeOnLoad (1ms)
				ProcessInitializeOnLoadAttributes (138ms)
				ProcessInitializeOnLoadMethodAttributes (45ms)
				AfterProcessingInitializeOnLoad (0ms)
				EditorAssembliesLoaded (0ms)
			ExecutionOrderSort2 (0ms)
			AwakeInstancesAfterBackupRestoration (0ms)
========================================================================
Worker process is ready to serve import requests
Begin MonoManager ReloadAssembly
Duplicate assembly 'websocket-sharp.dll' with different versions detected, using 'Packages/com.unity.services.wire/Plugins/websocket-sharp.dll, AssemblyName=websocket-sharp, Version=1.0.2.18559, Culture=neutral, PublicKeyToken=5660b08a1845a91e' and ignoring 'Assets/Photon/PhotonLibs/WebSocket/websocket-sharp.dll, AssemblyName=websocket-sharp, Version=1.0.2.0, Culture=neutral, PublicKeyToken=5660b08a1845a91e'.Symbol file LoadedFromMemory is not a mono symbol file
- Loaded All Assemblies, in  1.181 seconds
Refreshing native plugins compatible for Editor in 15.86 ms, found 3 plugins.
Native extension for LinuxStandalone target not found
Native extension for WindowsStandalone target not found
Mono: successfully reloaded assembly
- Finished resetting the current domain, in  0.784 seconds
Domain Reload Profiling:
	ReloadAssembly (206ms)
		BeginReloadAssembly (104ms)
			ExecutionOrderSort (0ms)
			DisableScriptedObjects (5ms)
			BackupInstance (0ms)
			ReleaseScriptingObjects (0ms)
			CreateAndSetChildDomain (16ms)
		LoadAllAssembliesAndSetupDomain (963ms)
			LoadAssemblies (682ms)
			RebuildTransferFunctionScriptingTraits (0ms)
			SetupTypeCache (325ms)
				TypeCache.Initialize (280ms)
					TypeCache.ScanAssembly (275ms)
				ResolveRequiredComponents (13ms)
		FinalizeReload (0ms)
			ReleaseScriptCaches (0ms)
			RebuildScriptCaches (0ms)
			SetupLoadedEditorAssemblies (612ms)
				LogAssemblyErrors (0ms)
				InitializePlatformSupportModulesInManaged (8ms)
				SetLoadedEditorAssemblies (6ms)
				RefreshPlugins (0ms)
				BeforeProcessingInitializeOnLoad (96ms)
				ProcessInitializeOnLoadAttributes (356ms)
				ProcessInitializeOnLoadMethodAttributes (141ms)
				AfterProcessingInitializeOnLoad (5ms)
				EditorAssembliesLoaded (0ms)
			ExecutionOrderSort2 (0ms)
			AwakeInstancesAfterBackupRestoration (7ms)
Launched and connected shader compiler UnityShaderCompiler.exe after 0.06 seconds
Refreshing native plugins compatible for Editor in 16.21 ms, found 3 plugins.
Preloading 0 native plugins for Editor in 0.00 ms.
Unloading 7459 Unused Serialized files (Serialized files now loaded: 0)
Unloading 166 unused Assets / (500.3 KB). Loaded Objects now: 7894.
Memory consumption went from 259.9 MB to 259.4 MB.
Total: 6.106300 ms (FindLiveObjects: 0.469800 ms CreateObjectMapping: 0.293500 ms MarkObjects: 5.000200 ms  DeleteObjects: 0.341600 ms)

AssetImportParameters requested are different than current active one (requested -> active):
  custom:container-demuxer-ogg: 62fdf1f143b41e24485cea50d1cbac27 -> 
  custom:video-codec-MediaFoundation-h265: 746d11721c4dcdbdad8f713fa42b33f4 -> 
  custom:video-decoder-ogg-theora: a1e56fd34408186e4bbccfd4996cb3dc -> 
  custom:framework-win-MediaFoundation: 216162199b28c13a410421893ffa2e32 -> 
  custom:container-demuxer-webm: 4f35f7cbe854078d1ac9338744f61a02 -> 
  custom:container-muxer-webm: aa71ff27fc2769a1b78a27578f13a17b -> 
  custom:video-decoder-webm-vp8: 9c59270c3fd7afecdb556c50c9e8de78 -> 
  custom:AudioImporter_EditorPlatform: d09bf68614088b80899f8185d706f6e7 -> 
  custom:video-encoder-webm-vp8: eb34c28f22e8b96e1ab97ce403110664 -> 
  custom:audio-decoder-ogg-vorbis: bf7c407c2cedff20999df2af8eb42d56 -> 
  custom:Fusion.ScriptOrderDependency: 812bc8e0f4ccd03e74e91d956671d950 -> 
  custom:Fusion.PrefabsDependency: fe648c394c7cd61f0d378d3fc0c20cf3 -> 
  custom:audio-encoder-webm-vorbis: bf7c407c2cedff20999df2af8eb42d56 -> 
========================================================================
Received Import Request.
  Time since last request: 33389.829229 seconds.
  path: Assets/Holotna/Mountain/Misc/Ground02.png
  artifactKey: Guid(2a1f501ec448a0440a48aa7bb6906638) Importer(815301076,1909f56bfc062723c751e8b465ee728b)
Start importing Assets/Holotna/Mountain/Misc/Ground02.png using Guid(2a1f501ec448a0440a48aa7bb6906638) Importer(815301076,1909f56bfc062723c751e8b465ee728b)  -> (artifact id: '01c6df532711487651ac1601077ecf77') in 0.036343 seconds
Number of updated asset objects reloaded before import = 0
Number of asset objects unloaded after import = 1
========================================================================
Received Import Request.
  Time since last request: 0.000018 seconds.
  path: Assets/Holotna/Mountain/Misc/Terrain08.asset
  artifactKey: Guid(d996e40d78fc04c488f86f3d405d7247) Importer(815301076,1909f56bfc062723c751e8b465ee728b)
Start importing Assets/Holotna/Mountain/Misc/Terrain08.asset using Guid(d996e40d78fc04c488f86f3d405d7247) Importer(815301076,1909f56bfc062723c751e8b465ee728b)  -> (artifact id: '8d5f492ed5526536fb34bea02f0dd1b6') in 0.026652 seconds
Number of updated asset objects reloaded before import = 0
Number of asset objects unloaded after import = 179
========================================================================
Received Import Request.
  Time since last request: 0.000014 seconds.
  path: Assets/Holotna/Mountain/Misc/Terrain01.asset
  artifactKey: Guid(877beb77905a916448ef68f901bb3319) Importer(815301076,1909f56bfc062723c751e8b465ee728b)
Start importing Assets/Holotna/Mountain/Misc/Terrain01.asset using Guid(877beb77905a916448ef68f901bb3319) Importer(815301076,1909f56bfc062723c751e8b465ee728b)  -> (artifact id: 'af44e38c2aedfec20e3e4713c36d9504') in 0.018899 seconds
Number of updated asset objects reloaded before import = 0
Number of asset objects unloaded after import = 179
========================================================================
Received Import Request.
  Time since last request: 0.000013 seconds.
  path: Assets/Holotna/Mountain/Misc/Ground03.png
  artifactKey: Guid(cda5010a2f575834d99cada5aa349533) Importer(815301076,1909f56bfc062723c751e8b465ee728b)
Start importing Assets/Holotna/Mountain/Misc/Ground03.png using Guid(cda5010a2f575834d99cada5aa349533) Importer(815301076,1909f56bfc062723c751e8b465ee728b)  -> (artifact id: 'd4b52ef6fb2bf24f87c7c3bda87a5bf3') in 0.001568 seconds
Number of updated asset objects reloaded before import = 0
Number of asset objects unloaded after import = 1
========================================================================
Received Import Request.
  Time since last request: 0.000014 seconds.
  path: Assets/Holotna/Mountain/Misc/Terrain06.asset
  artifactKey: Guid(b004de2d6eb707044bf8a95b8965ff87) Importer(815301076,1909f56bfc062723c751e8b465ee728b)
Start importing Assets/Holotna/Mountain/Misc/Terrain06.asset using Guid(b004de2d6eb707044bf8a95b8965ff87) Importer(815301076,1909f56bfc062723c751e8b465ee728b)  -> (artifact id: '1342d01a38ea0aa856c8da10e621ea02') in 0.019858 seconds
Number of updated asset objects reloaded before import = 0
Number of asset objects unloaded after import = 179
========================================================================
Received Import Request.
  Time since last request: 23.356709 seconds.
  path: Assets/3rdParty/PBR_Military_Pack/PBR_Weapons_Pack/Models/Grenade/Mesh/Grenade_Mesh.FBX
  artifactKey: Guid(e074a88a28b50bf479b9ed0e4777575b) Importer(815301076,1909f56bfc062723c751e8b465ee728b)
Start importing Assets/3rdParty/PBR_Military_Pack/PBR_Weapons_Pack/Models/Grenade/Mesh/Grenade_Mesh.FBX using Guid(e074a88a28b50bf479b9ed0e4777575b) Importer(815301076,1909f56bfc062723c751e8b465ee728b)  -> (artifact id: 'b920274c7602498c60c503e171c705d7') in 0.004676 seconds
Number of updated asset objects reloaded before import = 0
Number of asset objects unloaded after import = 11
========================================================================
Received Import Request.
  Time since last request: 0.000020 seconds.
  path: Assets/3rdParty/PBR_Military_Pack/PBR_Weapons_Pack/Models/Automatic_Rifle05/Mesh/Automatic_Rifle_05_Mesh.FBX
  artifactKey: Guid(df67733f79c9acb40b57beaab15c0130) Importer(815301076,1909f56bfc062723c751e8b465ee728b)
Start importing Assets/3rdParty/PBR_Military_Pack/PBR_Weapons_Pack/Models/Automatic_Rifle05/Mesh/Automatic_Rifle_05_Mesh.FBX using Guid(df67733f79c9acb40b57beaab15c0130) Importer(815301076,1909f56bfc062723c751e8b465ee728b)  -> (artifact id: '81919ed3247e15052a4f0fe5d614a152') in 0.009412 seconds
Number of updated asset objects reloaded before import = 0
Number of asset objects unloaded after import = 47
========================================================================
Received Import Request.
  Time since last request: 1.955637 seconds.
  path: Assets/3rdParty/PBR_Military_Pack/Characters/Elite_Soldiers/Materials/BackPack_02.mat
  artifactKey: Guid(ade96bc9e7773ce4c946519e840588c4) Importer(815301076,1909f56bfc062723c751e8b465ee728b)
Start importing Assets/3rdParty/PBR_Military_Pack/Characters/Elite_Soldiers/Materials/BackPack_02.mat using Guid(ade96bc9e7773ce4c946519e840588c4) Importer(815301076,1909f56bfc062723c751e8b465ee728b)  -> (artifact id: 'c7b4983d0a0c735779d84ded8d302f5c') in 0.001346 seconds
Number of updated asset objects reloaded before import = 0
Number of asset objects unloaded after import = 1
========================================================================
Received Import Request.
  Time since last request: 0.714137 seconds.
  path: Assets/3rdParty/Maksim Bugrimov/Sci_Fi_Character_08/Mesh/Sci_Fi_Character_08_Generic.FBX
  artifactKey: Guid(905fb479f4dee334fa344ad937c5e516) Importer(815301076,1909f56bfc062723c751e8b465ee728b)
Start importing Assets/3rdParty/Maksim Bugrimov/Sci_Fi_Character_08/Mesh/Sci_Fi_Character_08_Generic.FBX using Guid(905fb479f4dee334fa344ad937c5e516) Importer(815301076,1909f56bfc062723c751e8b465ee728b)  -> (artifact id: 'cdc4138c44721ee3daa1977dbead8b76') in 0.067453 seconds
Number of updated asset objects reloaded before import = 0
Number of asset objects unloaded after import = 170
========================================================================
Received Import Request.
  Time since last request: 3.281476 seconds.
  path: Packages/com.unity.probuilder/Content/Resources/Materials/FacePickerHDRP.mat
  artifactKey: Guid(a53ef0dd76f2fe74eb5f43267d7c0195) Importer(815301076,1909f56bfc062723c751e8b465ee728b)
Start importing Packages/com.unity.probuilder/Content/Resources/Materials/FacePickerHDRP.mat using Guid(a53ef0dd76f2fe74eb5f43267d7c0195) Importer(815301076,1909f56bfc062723c751e8b465ee728b)  -> (artifact id: '6cded69c1371343b732e5149f86f18c2') in 0.001911 seconds
Number of updated asset objects reloaded before import = 0
Number of asset objects unloaded after import = 1
========================================================================
Received Import Request.
  Time since last request: 15.128341 seconds.
  path: Assets/Holotna/Mountain/Prefabs/Flower01A.prefab
  artifactKey: Guid(92f5ccbf597107f468dccf567066c9cb) Importer(815301076,1909f56bfc062723c751e8b465ee728b)
Start importing Assets/Holotna/Mountain/Prefabs/Flower01A.prefab using Guid(92f5ccbf597107f468dccf567066c9cb) Importer(815301076,1909f56bfc062723c751e8b465ee728b)  -> (artifact id: 'bb9a4e7f5e3db213f1935903df1385a6') in 0.002126 seconds
Number of updated asset objects reloaded before import = 0
Number of asset objects unloaded after import = 14
========================================================================
Received Import Request.
  Time since last request: 0.000022 seconds.
  path: Assets/Holotna/Mountain/Prefabs/Tree01A.prefab
  artifactKey: Guid(66f2e851acea268478d72e0f9f78b2d7) Importer(815301076,1909f56bfc062723c751e8b465ee728b)
Start importing Assets/Holotna/Mountain/Prefabs/Tree01A.prefab using Guid(66f2e851acea268478d72e0f9f78b2d7) Importer(815301076,1909f56bfc062723c751e8b465ee728b)  -> (artifact id: '610ce39448484311738b2e81af9ef150') in 0.002515 seconds
Number of updated asset objects reloaded before import = 0
Number of asset objects unloaded after import = 20
========================================================================
Received Import Request.
  Time since last request: 0.000018 seconds.
  path: Assets/Holotna/Mountain/Prefabs/Tree01B.prefab
  artifactKey: Guid(8679eb0fe9f522b4f93212a7b2c2b671) Importer(815301076,1909f56bfc062723c751e8b465ee728b)
Start importing Assets/Holotna/Mountain/Prefabs/Tree01B.prefab using Guid(8679eb0fe9f522b4f93212a7b2c2b671) Importer(815301076,1909f56bfc062723c751e8b465ee728b)  -> (artifact id: 'a1cf252a5cd1a520db591cb083253905') in 0.001810 seconds
Number of updated asset objects reloaded before import = 0
Number of asset objects unloaded after import = 20
========================================================================
Received Import Request.
  Time since last request: 0.000028 seconds.
  path: Assets/Holotna/Mountain/Prefabs/Mountain01.prefab
  artifactKey: Guid(ffaa45151ef9cef46ae5e5c0571d70be) Importer(815301076,1909f56bfc062723c751e8b465ee728b)
Start importing Assets/Holotna/Mountain/Prefabs/Mountain01.prefab using Guid(ffaa45151ef9cef46ae5e5c0571d70be) Importer(815301076,1909f56bfc062723c751e8b465ee728b)  -> (artifact id: '9b3008c1b68bff72b6f6972d3dee4734') in 0.002401 seconds
Number of updated asset objects reloaded before import = 0
Number of asset objects unloaded after import = 20
========================================================================
Received Import Request.
  Time since last request: 21.985958 seconds.
  path: Assets/Holotna/Mountain/Textures/Bridge01_SPE.png
  artifactKey: Guid(fd3fcda32c417eb458d8a63f05198046) Importer(815301076,1909f56bfc062723c751e8b465ee728b)
Start importing Assets/Holotna/Mountain/Textures/Bridge01_SPE.png using Guid(fd3fcda32c417eb458d8a63f05198046) Importer(815301076,1909f56bfc062723c751e8b465ee728b)  -> (artifact id: '2f8262ff8cddb4db46b2dd3d7ca81edb') in 0.003879 seconds
Number of updated asset objects reloaded before import = 0
Number of asset objects unloaded after import = 1
========================================================================
Received Import Request.
  Time since last request: 0.000015 seconds.
  path: Assets/Holotna/Mountain/Textures/Flower01_SPE.png
  artifactKey: Guid(d09744d3f487b584e9004fa31ca8eb62) Importer(815301076,1909f56bfc062723c751e8b465ee728b)
Start importing Assets/Holotna/Mountain/Textures/Flower01_SPE.png using Guid(d09744d3f487b584e9004fa31ca8eb62) Importer(815301076,1909f56bfc062723c751e8b465ee728b)  -> (artifact id: '662f6bc4b7988e1f45adfe9e4b25dc3a') in 0.002552 seconds
Number of updated asset objects reloaded before import = 0
Number of asset objects unloaded after import = 1
========================================================================
Received Import Request.
  Time since last request: 0.000016 seconds.
  path: Assets/Holotna/Mountain/Textures/Trunk01_NRM.png
  artifactKey: Guid(78f692f242a2f834e8f0468c93fcd502) Importer(815301076,1909f56bfc062723c751e8b465ee728b)
Start importing Assets/Holotna/Mountain/Textures/Trunk01_NRM.png using Guid(78f692f242a2f834e8f0468c93fcd502) Importer(815301076,1909f56bfc062723c751e8b465ee728b)  -> (artifact id: '087bd0ad4d7e07e90a53796a02537dae') in 0.004239 seconds
Number of updated asset objects reloaded before import = 0
Number of asset objects unloaded after import = 1
========================================================================
Received Import Request.
  Time since last request: 0.000018 seconds.
  path: Assets/Holotna/Mountain/Textures/Leaf01_NRM.png
  artifactKey: Guid(7feccd2d1614d7541a5411b20bd35df2) Importer(815301076,1909f56bfc062723c751e8b465ee728b)
Start importing Assets/Holotna/Mountain/Textures/Leaf01_NRM.png using Guid(7feccd2d1614d7541a5411b20bd35df2) Importer(815301076,1909f56bfc062723c751e8b465ee728b)  -> (artifact id: '50f89f75178003105b7251d68997bb7a') in 0.003756 seconds
Number of updated asset objects reloaded before import = 0
Number of asset objects unloaded after import = 1
========================================================================
Received Import Request.
  Time since last request: 0.000014 seconds.
  path: Assets/Holotna/Mountain/Textures/Bush01_SPE.png
  artifactKey: Guid(06909eeb87c20a3469617ce8b41a7691) Importer(815301076,1909f56bfc062723c751e8b465ee728b)
Start importing Assets/Holotna/Mountain/Textures/Bush01_SPE.png using Guid(06909eeb87c20a3469617ce8b41a7691) Importer(815301076,1909f56bfc062723c751e8b465ee728b)  -> (artifact id: '15e4579a22a3185deaaa09e11c172689') in 0.002033 seconds
Number of updated asset objects reloaded before import = 0
Number of asset objects unloaded after import = 1
========================================================================
Received Import Request.
  Time since last request: 2.601094 seconds.
  path: Assets/Holotna/Mountain/Textures/Colored/Flower01_ALB.png
  artifactKey: Guid(e2086ed012436a845b5c4829661f52d4) Importer(815301076,1909f56bfc062723c751e8b465ee728b)
Start importing Assets/Holotna/Mountain/Textures/Colored/Flower01_ALB.png using Guid(e2086ed012436a845b5c4829661f52d4) Importer(815301076,1909f56bfc062723c751e8b465ee728b)  -> (artifact id: 'c952a04532998063b41e126b032ee066') in 0.002354 seconds
Number of updated asset objects reloaded before import = 0
Number of asset objects unloaded after import = 1
========================================================================
Received Import Request.
  Time since last request: 0.000013 seconds.
  path: Assets/Holotna/Mountain/Textures/Colored/Trunk01_ALB.png
  artifactKey: Guid(2b6d2714338e0624f88d3f263a6489f9) Importer(815301076,1909f56bfc062723c751e8b465ee728b)
Start importing Assets/Holotna/Mountain/Textures/Colored/Trunk01_ALB.png using Guid(2b6d2714338e0624f88d3f263a6489f9) Importer(815301076,1909f56bfc062723c751e8b465ee728b)  -> (artifact id: '5a209479eaaed2b3c8a6c1c1605aa3fa') in 0.003250 seconds
Number of updated asset objects reloaded before import = 0
Number of asset objects unloaded after import = 1
========================================================================
Received Import Request.
  Time since last request: 8.818744 seconds.
  path: Assets/Holotna/Mountain/Models/Flower01.fbx
  artifactKey: Guid(e8e66d486b1af774a9adfc87155bff47) Importer(815301076,1909f56bfc062723c751e8b465ee728b)
Start importing Assets/Holotna/Mountain/Models/Flower01.fbx using Guid(e8e66d486b1af774a9adfc87155bff47) Importer(815301076,1909f56bfc062723c751e8b465ee728b)  -> (artifact id: '1b658dad280311805c26145648e69383') in 0.002419 seconds
Number of updated asset objects reloaded before import = 0
Number of asset objects unloaded after import = 14
========================================================================
Received Import Request.
  Time since last request: 0.000017 seconds.
  path: Assets/Holotna/Mountain/Models/Tree01.fbx
  artifactKey: Guid(6d2204d9b3a30bc4ea553622baf4bdee) Importer(815301076,1909f56bfc062723c751e8b465ee728b)
Start importing Assets/Holotna/Mountain/Models/Tree01.fbx using Guid(6d2204d9b3a30bc4ea553622baf4bdee) Importer(815301076,1909f56bfc062723c751e8b465ee728b)  -> (artifact id: 'f0c74b60bc3c09a2d7e51240a4c9747b') in 0.002494 seconds
Number of updated asset objects reloaded before import = 0
Number of asset objects unloaded after import = 19
========================================================================
Received Import Request.
  Time since last request: 0.000012 seconds.
  path: Assets/Holotna/Mountain/Models/Flowers01.fbx
  artifactKey: Guid(a189051357bf54a43942d1245131be17) Importer(815301076,1909f56bfc062723c751e8b465ee728b)
Start importing Assets/Holotna/Mountain/Models/Flowers01.fbx using Guid(a189051357bf54a43942d1245131be17) Importer(815301076,1909f56bfc062723c751e8b465ee728b)  -> (artifact id: '0c8abd07441bd1ec950bec77270140ac') in 0.001814 seconds
Number of updated asset objects reloaded before import = 0
Number of asset objects unloaded after import = 14
========================================================================
Received Import Request.
  Time since last request: 59.502034 seconds.
  path: Assets/TPSBR/Materials/GridAqua.mat
  artifactKey: Guid(a0e1426a02e8683459073fa306811abe) Importer(815301076,1909f56bfc062723c751e8b465ee728b)
Start importing Assets/TPSBR/Materials/GridAqua.mat using Guid(a0e1426a02e8683459073fa306811abe) Importer(815301076,1909f56bfc062723c751e8b465ee728b)  -> (artifact id: '7e19c498c763362644c4f8ebe760061d') in 0.001632 seconds
Number of updated asset objects reloaded before import = 0
Number of asset objects unloaded after import = 1
Editor requested this worker to shutdown with reason: Scaling down because of idle timeout
TcpMessagingSession - receive error: operation aborted. errorcode: 995, details: The I/O operation has been aborted because of either a thread exit or an application request.
AssetImportWorker is now disconnected from the server
Process exiting
Exiting without the bug reporter. Application will terminate with return code 0