Using pre-set license
Built from '2022.2/staging' branch; Version is '2022.2.21f1 (4907324dc95b) revision 4785970'; Using compiler version '192829333'; Build Type 'Release'
OS: 'Windows 11  (10.0.26100) 64bit Core' Language: 'en' Physical Memory: 16235 MB
BatchMode: 1, IsHumanControllingUs: 0, StartBugReporterOnCrash: 0, Is64bit: 1, IsPro: 1

COMMAND LINE ARGUMENTS:
C:\Program Files\Unity 2022.2.21f1\Editor\Unity.exe
-adb2
-batchMode
-noUpm
-name
AssetImportWorker4
-projectPath
C:/Users/camev/Documents/GitHub/SkyfallEditor
-logFile
Logs/AssetImportWorker4.log
-srvPort
52161
Successfully changed project path to: C:/Users/camev/Documents/GitHub/SkyfallEditor
C:/Users/camev/Documents/GitHub/SkyfallEditor
[UnityMemory] Configuration Parameters - Can be set up in boot.config
    "memorysetup-bucket-allocator-granularity=16"
    "memorysetup-bucket-allocator-bucket-count=8"
    "memorysetup-bucket-allocator-block-size=33554432"
    "memorysetup-bucket-allocator-block-count=8"
    "memorysetup-main-allocator-block-size=16777216"
    "memorysetup-thread-allocator-block-size=16777216"
    "memorysetup-gfx-main-allocator-block-size=16777216"
    "memorysetup-gfx-thread-allocator-block-size=16777216"
    "memorysetup-cache-allocator-block-size=4194304"
    "memorysetup-typetree-allocator-block-size=2097152"
    "memorysetup-profiler-bucket-allocator-granularity=16"
    "memorysetup-profiler-bucket-allocator-bucket-count=8"
    "memorysetup-profiler-bucket-allocator-block-size=33554432"
    "memorysetup-profiler-bucket-allocator-block-count=8"
    "memorysetup-profiler-allocator-block-size=16777216"
    "memorysetup-profiler-editor-allocator-block-size=1048576"
    "memorysetup-temp-allocator-size-main=16777216"
    "memorysetup-job-temp-allocator-block-size=2097152"
    "memorysetup-job-temp-allocator-block-size-background=1048576"
    "memorysetup-job-temp-allocator-reduction-small-platforms=262144"
    "memorysetup-allocator-temp-initial-block-size-main=262144"
    "memorysetup-allocator-temp-initial-block-size-worker=262144"
    "memorysetup-temp-allocator-size-background-worker=32768"
    "memorysetup-temp-allocator-size-job-worker=262144"
    "memorysetup-temp-allocator-size-preload-manager=33554432"
    "memorysetup-temp-allocator-size-nav-mesh-worker=65536"
    "memorysetup-temp-allocator-size-audio-worker=65536"
    "memorysetup-temp-allocator-size-cloud-worker=32768"
    "memorysetup-temp-allocator-size-gi-baking-worker=262144"
    "memorysetup-temp-allocator-size-gfx=262144"
Player connection [21948] Host "[IP] 192.168.5.66 [Port] 0 [Flags] 2 [Guid] 194112857 [EditorId] 194112857 [Version] 1048832 [Id] WindowsEditor(7,cameronspc) [Debug] 1 [PackageName] WindowsEditor [ProjectName] Editor" joined multi-casting on [225.0.0.222:54997]...

Player connection [21948] Host "[IP] 192.168.5.66 [Port] 0 [Flags] 2 [Guid] 194112857 [EditorId] 194112857 [Version] 1048832 [Id] WindowsEditor(7,cameronspc) [Debug] 1 [PackageName] WindowsEditor [ProjectName] Editor" joined alternative multi-casting on [225.0.0.222:34997]...

Refreshing native plugins compatible for Editor in 47.20 ms, found 3 plugins.
Preloading 0 native plugins for Editor in 0.00 ms.
Initialize engine version: 2022.2.21f1 (4907324dc95b)
[Subsystems] Discovering subsystems at path C:/Program Files/Unity 2022.2.21f1/Editor/Data/Resources/UnitySubsystems
[Subsystems] Discovering subsystems at path C:/Users/camev/Documents/GitHub/SkyfallEditor/Assets
GfxDevice: creating device client; threaded=0; jobified=0
Direct3D:
    Version:  Direct3D 11.0 [level 11.1]
    Renderer: NVIDIA GeForce RTX 3050 (ID=0x2507)
    Vendor:   NVIDIA
    VRAM:     8042 MB
    Driver:   32.0.15.6094
Initialize mono
Mono path[0] = 'C:/Program Files/Unity 2022.2.21f1/Editor/Data/Managed'
Mono path[1] = 'C:/Program Files/Unity 2022.2.21f1/Editor/Data/MonoBleedingEdge/lib/mono/unityjit-win32'
Mono config path = 'C:/Program Files/Unity 2022.2.21f1/Editor/Data/MonoBleedingEdge/etc'
Using monoOptions --debugger-agent=transport=dt_socket,embedding=1,server=y,suspend=n,address=127.0.0.1:56428
Begin MonoManager ReloadAssembly
Registering precompiled unity dll's ...
Register platform support module: C:/Program Files/Unity 2022.2.21f1/Editor/Data/PlaybackEngines/WindowsStandaloneSupport/UnityEditor.WindowsStandalone.Extensions.dll
Register platform support module: C:/Program Files/Unity 2022.2.21f1/Editor/Data/PlaybackEngines/LinuxStandaloneSupport/UnityEditor.LinuxStandalone.Extensions.dll
Registered in 0.008688 seconds.
- Loaded All Assemblies, in  0.487 seconds
Native extension for LinuxStandalone target not found
Native extension for WindowsStandalone target not found
Mono: successfully reloaded assembly
- Finished resetting the current domain, in  0.395 seconds
Domain Reload Profiling:
	ReloadAssembly (277ms)
		BeginReloadAssembly (123ms)
			ExecutionOrderSort (0ms)
			DisableScriptedObjects (0ms)
			BackupInstance (0ms)
			ReleaseScriptingObjects (0ms)
			CreateAndSetChildDomain (1ms)
		LoadAllAssembliesAndSetupDomain (0ms)
			LoadAssemblies (121ms)
			RebuildTransferFunctionScriptingTraits (0ms)
			SetupTypeCache (201ms)
				TypeCache.Initialize (200ms)
					TypeCache.ScanAssembly (198ms)
				ResolveRequiredComponents (1ms)
		FinalizeReload (0ms)
			ReleaseScriptCaches (0ms)
			RebuildScriptCaches (0ms)
			SetupLoadedEditorAssemblies (301ms)
				LogAssemblyErrors (0ms)
				InitializePlatformSupportModulesInManaged (29ms)
				SetLoadedEditorAssemblies (10ms)
				RefreshPlugins (0ms)
				BeforeProcessingInitializeOnLoad (1ms)
				ProcessInitializeOnLoadAttributes (197ms)
				ProcessInitializeOnLoadMethodAttributes (63ms)
				AfterProcessingInitializeOnLoad (0ms)
				EditorAssembliesLoaded (0ms)
			ExecutionOrderSort2 (0ms)
			AwakeInstancesAfterBackupRestoration (0ms)
========================================================================
Worker process is ready to serve import requests
Begin MonoManager ReloadAssembly
Duplicate assembly 'websocket-sharp.dll' with different versions detected, using 'Packages/com.unity.services.wire/Plugins/websocket-sharp.dll, AssemblyName=websocket-sharp, Version=1.0.2.18559, Culture=neutral, PublicKeyToken=5660b08a1845a91e' and ignoring 'Assets/Photon/PhotonLibs/WebSocket/websocket-sharp.dll, AssemblyName=websocket-sharp, Version=1.0.2.0, Culture=neutral, PublicKeyToken=5660b08a1845a91e'.Symbol file LoadedFromMemory is not a mono symbol file
- Loaded All Assemblies, in  1.613 seconds
Refreshing native plugins compatible for Editor in 16.85 ms, found 3 plugins.
Native extension for LinuxStandalone target not found
Native extension for WindowsStandalone target not found
Mono: successfully reloaded assembly
- Finished resetting the current domain, in  1.330 seconds
Domain Reload Profiling:
	ReloadAssembly (304ms)
		BeginReloadAssembly (154ms)
			ExecutionOrderSort (0ms)
			DisableScriptedObjects (6ms)
			BackupInstance (0ms)
			ReleaseScriptingObjects (0ms)
			CreateAndSetChildDomain (37ms)
		LoadAllAssembliesAndSetupDomain (1301ms)
			LoadAssemblies (570ms)
			RebuildTransferFunctionScriptingTraits (0ms)
			SetupTypeCache (787ms)
				TypeCache.Initialize (697ms)
					TypeCache.ScanAssembly (682ms)
				ResolveRequiredComponents (23ms)
		FinalizeReload (0ms)
			ReleaseScriptCaches (0ms)
			RebuildScriptCaches (0ms)
			SetupLoadedEditorAssemblies (1064ms)
				LogAssemblyErrors (0ms)
				InitializePlatformSupportModulesInManaged (13ms)
				SetLoadedEditorAssemblies (9ms)
				RefreshPlugins (0ms)
				BeforeProcessingInitializeOnLoad (153ms)
				ProcessInitializeOnLoadAttributes (598ms)
				ProcessInitializeOnLoadMethodAttributes (283ms)
				AfterProcessingInitializeOnLoad (8ms)
				EditorAssembliesLoaded (1ms)
			ExecutionOrderSort2 (0ms)
			AwakeInstancesAfterBackupRestoration (12ms)
Launched and connected shader compiler UnityShaderCompiler.exe after 0.07 seconds
Refreshing native plugins compatible for Editor in 23.32 ms, found 3 plugins.
Preloading 0 native plugins for Editor in 0.00 ms.
Unloading 7488 Unused Serialized files (Serialized files now loaded: 0)
Unloading 185 unused Assets / (0.5 MB). Loaded Objects now: 7927.
Memory consumption went from 277.2 MB to 276.7 MB.
Total: 12.224900 ms (FindLiveObjects: 0.841500 ms CreateObjectMapping: 0.913400 ms MarkObjects: 9.611500 ms  DeleteObjects: 0.857000 ms)

AssetImportParameters requested are different than current active one (requested -> active):
  custom:container-demuxer-ogg: 62fdf1f143b41e24485cea50d1cbac27 -> 
  custom:video-codec-MediaFoundation-h265: 746d11721c4dcdbdad8f713fa42b33f4 -> 
  custom:video-decoder-ogg-theora: a1e56fd34408186e4bbccfd4996cb3dc -> 
  custom:framework-win-MediaFoundation: 216162199b28c13a410421893ffa2e32 -> 
  custom:container-demuxer-webm: 4f35f7cbe854078d1ac9338744f61a02 -> 
  custom:FusionILWeaverTriggerImporter/ConfigHash: 4c841ab3df8ce14265baba770e4b226f -> 
  custom:container-muxer-webm: aa71ff27fc2769a1b78a27578f13a17b -> 
  custom:video-decoder-webm-vp8: 9c59270c3fd7afecdb556c50c9e8de78 -> 
  custom:AudioImporter_EditorPlatform: d09bf68614088b80899f8185d706f6e7 -> 
  custom:video-encoder-webm-vp8: eb34c28f22e8b96e1ab97ce403110664 -> 
  custom:audio-decoder-ogg-vorbis: bf7c407c2cedff20999df2af8eb42d56 -> 
  custom:Fusion.PrefabsDependency: 4179b5f337e9d542e57a47adac531163 -> 
  custom:audio-encoder-webm-vorbis: bf7c407c2cedff20999df2af8eb42d56 -> 
========================================================================
Received Import Request.
  Time since last request: 10076.768046 seconds.
  path: Assets/TPSBR/Prefabs/Projectiles/Dummy/PistolProjectile_SmallCaliber.prefab
  artifactKey: Guid(d21d773ce488ece4382c968e5d55128e) Importer(815301076,1909f56bfc062723c751e8b465ee728b)
Start importing Assets/TPSBR/Prefabs/Projectiles/Dummy/PistolProjectile_SmallCaliber.prefab using Guid(d21d773ce488ece4382c968e5d55128e) Importer(815301076,1909f56bfc062723c751e8b465ee728b)  -> (artifact id: '442f6735f638b8c74f54b744ce12b641') in 0.038931 seconds
Number of updated asset objects reloaded before import = 0
Number of asset objects unloaded after import = 14
========================================================================
Received Import Request.
  Time since last request: 21.093078 seconds.
  path: Assets/TPSBR/Prefabs/Pickups
  artifactKey: Guid(11fef0fb3e073c24182948a40fc0fd99) Importer(815301076,1909f56bfc062723c751e8b465ee728b)
Start importing Assets/TPSBR/Prefabs/Pickups using Guid(11fef0fb3e073c24182948a40fc0fd99) Importer(815301076,1909f56bfc062723c751e8b465ee728b)  -> (artifact id: '05336a32b6d0500043ec8e4b9266ce5d') in 0.001071 seconds
Number of updated asset objects reloaded before import = 0
Number of asset objects unloaded after import = 0
========================================================================
Received Import Request.
  Time since last request: 0.261979 seconds.
  path: Assets/TPSBR/Prefabs/Pickups/DynamicWeaponPickup.prefab
  artifactKey: Guid(3eeab8129a6871e4f8c7d5e5260906d8) Importer(815301076,1909f56bfc062723c751e8b465ee728b)
Start importing Assets/TPSBR/Prefabs/Pickups/DynamicWeaponPickup.prefab using Guid(3eeab8129a6871e4f8c7d5e5260906d8) Importer(815301076,1909f56bfc062723c751e8b465ee728b)  -> (artifact id: 'ccd679e7c9c2ebb2a06075864f1f050c') in 0.005502 seconds
Number of updated asset objects reloaded before import = 0
Number of asset objects unloaded after import = 9
========================================================================
Received Import Request.
  Time since last request: 0.000023 seconds.
  path: Assets/TPSBR/Prefabs/Pickups/PistolAmmoPickup.prefab
  artifactKey: Guid(515d0a7122c2eca4cb0841021a46116a) Importer(815301076,1909f56bfc062723c751e8b465ee728b)
Start importing Assets/TPSBR/Prefabs/Pickups/PistolAmmoPickup.prefab using Guid(515d0a7122c2eca4cb0841021a46116a) Importer(815301076,1909f56bfc062723c751e8b465ee728b)  -> (artifact id: '7111560f1869ff6ed844c268933fc665') in 0.004010 seconds
Number of updated asset objects reloaded before import = 0
Number of asset objects unloaded after import = 33
========================================================================
Received Import Request.
  Time since last request: 6.592875 seconds.
  path: Assets/TPSBR/Prefabs/Weapons/Shotgun.prefab
  artifactKey: Guid(b7ab97151b974f04694d1ae5cdee1a71) Importer(815301076,1909f56bfc062723c751e8b465ee728b)
Start importing Assets/TPSBR/Prefabs/Weapons/Shotgun.prefab using Guid(b7ab97151b974f04694d1ae5cdee1a71) Importer(815301076,1909f56bfc062723c751e8b465ee728b)  -> (artifact id: 'd9985e211a54300da2fcc59c155f9e75') in 0.022876 seconds
Number of updated asset objects reloaded before import = 0
Number of asset objects unloaded after import = 167
========================================================================
Received Import Request.
  Time since last request: 342.167872 seconds.
  path: Assets/TPSBR/Scenes/MapTest.unity
  artifactKey: Guid(a368b78c537976d42b7b39461600b232) Importer(815301076,1909f56bfc062723c751e8b465ee728b)
Start importing Assets/TPSBR/Scenes/MapTest.unity using Guid(a368b78c537976d42b7b39461600b232) Importer(815301076,1909f56bfc062723c751e8b465ee728b)  -> (artifact id: 'e5de394093652b0acca5f0a3493406ed') in 0.001430 seconds
Number of updated asset objects reloaded before import = 0
Number of asset objects unloaded after import = 0
========================================================================
Received Import Request.
  Time since last request: 22.168261 seconds.
  path: Assets/3rdParty/Hovl Studio/3D Fire and Explosions/Materials/Stone1.mat
  artifactKey: Guid(7f4a698f7b062a546a2b4af524ef1a13) Importer(815301076,1909f56bfc062723c751e8b465ee728b)
Start importing Assets/3rdParty/Hovl Studio/3D Fire and Explosions/Materials/Stone1.mat using Guid(7f4a698f7b062a546a2b4af524ef1a13) Importer(815301076,1909f56bfc062723c751e8b465ee728b)  -> (artifact id: '1b06fa6afbbb6e160c9d0113f1bb5544') in 0.002259 seconds
Number of updated asset objects reloaded before import = 0
Number of asset objects unloaded after import = 1
========================================================================
Received Import Request.
  Time since last request: 0.008191 seconds.
  path: Packages/com.unity.render-pipelines.universal/Runtime/Materials/TerrainLit.mat
  artifactKey: Guid(594ea882c5a793440b60ff72d896021e) Importer(815301076,1909f56bfc062723c751e8b465ee728b)
Start importing Packages/com.unity.render-pipelines.universal/Runtime/Materials/TerrainLit.mat using Guid(594ea882c5a793440b60ff72d896021e) Importer(815301076,1909f56bfc062723c751e8b465ee728b)  -> (artifact id: 'ef4d3cbb210b06296fb761575cda2cba') in 0.001545 seconds
Number of updated asset objects reloaded before import = 0
Number of asset objects unloaded after import = 0
========================================================================
Received Import Request.
  Time since last request: 0.000048 seconds.
  path: Packages/com.unity.probuilder/Content/Resources/Materials/Trigger.mat
  artifactKey: Guid(a1e97cbf2538241b691aae8243b5fb10) Importer(815301076,1909f56bfc062723c751e8b465ee728b)
Start importing Packages/com.unity.probuilder/Content/Resources/Materials/Trigger.mat using Guid(a1e97cbf2538241b691aae8243b5fb10) Importer(815301076,1909f56bfc062723c751e8b465ee728b)  -> (artifact id: 'e81f69e6d4ff7cba0d97d3c72b06c097') in 0.002514 seconds
Number of updated asset objects reloaded before import = 0
Number of asset objects unloaded after import = 1
========================================================================
Received Import Request.
  Time since last request: 1.882211 seconds.
  path: Assets/Holotna/Mountain/Materials/Trunk01B.mat
  artifactKey: Guid(632663acdff5fe249a0540969af378bb) Importer(815301076,1909f56bfc062723c751e8b465ee728b)
Start importing Assets/Holotna/Mountain/Materials/Trunk01B.mat using Guid(632663acdff5fe249a0540969af378bb) Importer(815301076,1909f56bfc062723c751e8b465ee728b)  -> (artifact id: '9465bff126f88c96e9c0a38e02ae67bf') in 0.001641 seconds
Number of updated asset objects reloaded before import = 0
Number of asset objects unloaded after import = 1
========================================================================
Received Import Request.
  Time since last request: 11.095294 seconds.
  path: Assets/Holotna/Mountain/Misc/Ground01.png
  artifactKey: Guid(46f2ea4c338b052418ed96375879dc2b) Importer(815301076,1909f56bfc062723c751e8b465ee728b)
Start importing Assets/Holotna/Mountain/Misc/Ground01.png using Guid(46f2ea4c338b052418ed96375879dc2b) Importer(815301076,1909f56bfc062723c751e8b465ee728b)  -> (artifact id: 'e4d71b599cf7ae489272ef89c2c9bbe0') in 0.003204 seconds
Number of updated asset objects reloaded before import = 0
Number of asset objects unloaded after import = 1
========================================================================
Received Import Request.
  Time since last request: 2.428123 seconds.
  path: Assets/Holotna/Mountain/Misc/Ground02.png
  artifactKey: Guid(2a1f501ec448a0440a48aa7bb6906638) Importer(815301076,1909f56bfc062723c751e8b465ee728b)
Start importing Assets/Holotna/Mountain/Misc/Ground02.png using Guid(2a1f501ec448a0440a48aa7bb6906638) Importer(815301076,1909f56bfc062723c751e8b465ee728b)  -> (artifact id: '68d0ad90a9d95974a9b9eede4f5b1f3e') in 0.003657 seconds
Number of updated asset objects reloaded before import = 0
Number of asset objects unloaded after import = 1
========================================================================
Received Import Request.
  Time since last request: 2.080108 seconds.
  path: Assets/Holotna/Mountain/Misc/Ground03.png
  artifactKey: Guid(cda5010a2f575834d99cada5aa349533) Importer(815301076,1909f56bfc062723c751e8b465ee728b)
Start importing Assets/Holotna/Mountain/Misc/Ground03.png using Guid(cda5010a2f575834d99cada5aa349533) Importer(815301076,1909f56bfc062723c751e8b465ee728b)  -> (artifact id: '9c38e4772b73a472cc83d474751fa9fb') in 0.002443 seconds
Number of updated asset objects reloaded before import = 0
Number of asset objects unloaded after import = 1
